<?xml version="1.0" encoding="UTF-8"?>
<!-- Generated by org.testng.reporters.JUnitReportReporter -->
<testsuite name="core.LouandgreyPageTest" tests="7" time="45.615" ignored="0" failures="0" timestamp="04 Apr 2017 11:12:39 GMT" skipped="0" hostname="Galinas-MacBook-Air.local" errors="0">
  <testcase name="test_06_verify_shipping_status" time="3.203" classname="core.LouandgreyPageTest"/>
  <testcase name="test_01_verify_retail_logo" time="7.241" classname="core.LouandgreyPageTest"/>
  <testcase name="test_02_verify_phone_is_updated" time="7.678" classname="core.LouandgreyPageTest"/>
  <testcase name="test_03_verify_error_handling_ivalid_phone" time="4.356" classname="core.LouandgreyPageTest"/>
  <testcase name="test_04_verify_partner_link" time="12.208" classname="core.LouandgreyPageTest"/>
  <testcase name="test_07_verify_number_of_tracking_records" time="2.872" classname="core.LouandgreyPageTest"/>
  <testcase name="test_05_verify_shipping_link" time="8.057" classname="core.LouandgreyPageTest"/>
</testsuite> <!-- core.LouandgreyPageTest -->
